<?xml version="1.0" encoding="UTF-8"?>
<!-- Generated by org.testng.reporters.JUnitReportReporter -->
<testsuite hostname="DESKTOP-NVK67B2" failures="0" tests="2" name="com.ExchangeAdmin.RiskManagementTest.RiskManagementTest" time="15.392" errors="0" timestamp="2023-12-21T11:51:15 IST" skipped="0">
  <testcase classname="com.ExchangeAdmin.RiskManagementTest.RiskManagementTest" name="login" time="9.606">
    <system-out>
      <![CDATA[Email is entered
Password is Entered
Clicked on Continue Button]]>
    </system-out>
  </testcase> <!-- login -->
  <testcase classname="com.ExchangeAdmin.RiskManagementTest.RiskManagementTest" name="RiskManagement" time="5.786"/>
  <system-out>
    <![CDATA[<font color='green'>Browser got launched</font>
<font color='green'>Navigated to Application URL</font>
Email is entered
Password is Entered
Clicked on Continue Button
<font color='green'>Browser got closed</font>]]>
  </system-out>
</testsuite> <!-- com.ExchangeAdmin.RiskManagementTest.RiskManagementTest -->
