<?xml version="1.0" encoding="UTF-8"?>
<!-- Generated by org.testng.reporters.JUnitReportReporter -->
<testsuite hostname="DESKTOP-NVK67B2" failures="0" tests="2" name="com.ExchangeAdmin.BankingTest.BankingTest" time="14.715" errors="0" timestamp="2023-12-06T16:54:00 IST" skipped="0">
  <testcase classname="com.ExchangeAdmin.BankingTest.BankingTest" name="login" time="9.607">
    <system-out>
      <![CDATA[Email is entered
Password is Entererd
Clicked on Continue Button]]>
    </system-out>
  </testcase> <!-- login -->
  <testcase classname="com.ExchangeAdmin.BankingTest.BankingTest" name="bank" time="5.108"/>
  <system-out>
    <![CDATA[<font color='green'>Browser got launched</font>
<font color='green'>Navigated to Application UR</font>
Email is entered
Password is Entererd
Clicked on Continue Button
<font color='green'>Browser got closed</font>]]>
  </system-out>
</testsuite> <!-- com.ExchangeAdmin.BankingTest.BankingTest -->
