<?xml version="1.0" encoding="UTF-8"?>
<!-- Generated by org.testng.reporters.JUnitReportReporter -->
<testsuite hostname="DESKTOP-NVK67B2" failures="0" tests="7" name="com.ExchangeAdmin.MyAccountPageTest.MyAccountPageTest" time="4.135" errors="1" timestamp="2023-12-28T12:34:33 IST" skipped="6">
  <testcase classname="com.ExchangeAdmin.MyAccountPageTest.MyAccountPageTest" name="openApplication" time="4.135">
    <error message="Cannot invoke &quot;org.apache.logging.log4j.Logger.debug(String)&quot; because &quot;this.log&quot; is null" type="java.lang.NullPointerException">
      <![CDATA[java.lang.NullPointerException: Cannot invoke "org.apache.logging.log4j.Logger.debug(String)" because "this.log" is null
at com.ExchangeAdmin.MyAccountPageTest.MyAccountPageTest.openApplication(MyAccountPageTest.java:106)
at java.base/jdk.internal.reflect.NativeMethodAccessorImpl.invoke0(Native Method)
at java.base/jdk.internal.reflect.NativeMethodAccessorImpl.invoke(NativeMethodAccessorImpl.java:77)
at java.base/jdk.internal.reflect.DelegatingMethodAccessorImpl.invoke(DelegatingMethodAccessorImpl.java:43)
at java.base/java.lang.reflect.Method.invoke(Method.java:568)
at org.testng.internal.invokers.MethodInvocationHelper.invokeMethod(MethodInvocationHelper.java:139)
at org.testng.internal.invokers.MethodInvocationHelper.invokeMethodConsideringTimeout(MethodInvocationHelper.java:69)
at org.testng.internal.invokers.ConfigInvoker.invokeConfigurationMethod(ConfigInvoker.java:390)
at org.testng.internal.invokers.ConfigInvoker.invokeConfigurations(ConfigInvoker.java:325)
at org.testng.internal.invokers.TestMethodWorker.invokeBeforeClassMethods(TestMethodWorker.java:180)
at org.testng.internal.invokers.TestMethodWorker.run(TestMethodWorker.java:122)
at java.base/java.util.ArrayList.forEach(ArrayList.java:1511)
at org.testng.TestRunner.privateRun(TestRunner.java:848)
at org.testng.TestRunner.run(TestRunner.java:621)
at org.testng.SuiteRunner.runTest(SuiteRunner.java:443)
at org.testng.SuiteRunner.runSequentially(SuiteRunner.java:437)
at org.testng.SuiteRunner.privateRun(SuiteRunner.java:397)
at org.testng.SuiteRunner.run(SuiteRunner.java:336)
at org.testng.SuiteRunnerWorker.runSuite(SuiteRunnerWorker.java:52)
at org.testng.SuiteRunnerWorker.run(SuiteRunnerWorker.java:95)
at org.testng.TestNG.runSuitesSequentially(TestNG.java:1280)
at org.testng.TestNG.runSuitesLocally(TestNG.java:1200)
at org.testng.TestNG.runSuites(TestNG.java:1114)
at org.testng.TestNG.run(TestNG.java:1082)
at org.testng.remote.AbstractRemoteTestNG.run(AbstractRemoteTestNG.java:115)
at org.testng.remote.RemoteTestNG.initAndRun(RemoteTestNG.java:251)
at org.testng.remote.RemoteTestNG.main(RemoteTestNG.java:77)
]]>
    </error>
  </testcase> <!-- openApplication -->
  <testcase classname="com.ExchangeAdmin.MyAccountPageTest.MyAccountPageTest" name="login" time="0.000">
    <skipped/>
  </testcase> <!-- login -->
  <testcase classname="com.ExchangeAdmin.MyAccountPageTest.MyAccountPageTest" name="MyAccount" time="0.000">
    <skipped/>
  </testcase> <!-- MyAccount -->
  <testcase classname="com.ExchangeAdmin.MyAccountPageTest.MyAccountPageTest" name="Payment_History" time="0.000">
    <skipped/>
  </testcase> <!-- Payment_History -->
  <testcase classname="com.ExchangeAdmin.MyAccountPageTest.MyAccountPageTest" name="Ledger_History" time="0.000">
    <skipped/>
  </testcase> <!-- Ledger_History -->
  <testcase classname="com.ExchangeAdmin.MyAccountPageTest.MyAccountPageTest" name="Profile" time="0.000">
    <skipped/>
  </testcase> <!-- Profile -->
  <testcase classname="com.ExchangeAdmin.MyAccountPageTest.MyAccountPageTest" name="Activity_log" time="0.000">
    <skipped/>
  </testcase> <!-- Activity_log -->
  <system-out>
    <![CDATA[<font color='green'>Browser got launched</font>
<font color='green'>Navigated to Application UR</font>
Email is entered
Password is Entered
Clicked on Continue Button
<font color='green'>Browser got closed</font>
<font color='green'>Browser got launched</font>
<font color='green'>Navigated to Application URL</font>
Email is entered
Password is Entered
Clicked on Continue Button
<font color='green'>Browser got closed</font>
<font color='green'>Browser got launched</font>
<font color='green'>Navigated to Application UR</font>
Email is entered
Password is Entered
Clicked on Continue Button
<font color='green'>Browser got closed</font>
<font color='green'>Browser got launched</font>
<font color='green'>Navigated to Application UR</font>
Email is entered
Password is Entererd
Clicked on Continue Button
<font color='green'>Browser got closed</font>
<font color='green'>Browser got launched</font>
<font color='green'>Navigated to Application UR</font>
Email is entered
Password is Entererd
Clicked on Continue Button
<font color='green'>Browser got closed</font>
<font color='green'>Browser got launched</font>
<font color='green'>Navigated to Application UR</font>
Email is entered
Password is Entered
Clicked on Continue Button
<font color='green'>Browser got closed</font>
<font color='green'>Browser got launched</font>
<font color='green'>Navigated to Application UR</font>
Email is entered
Password is Entered
Clicked on Continue Button
<font color='green'>Browser got closed</font>]]>
  </system-out>
</testsuite> <!-- com.ExchangeAdmin.MyAccountPageTest.MyAccountPageTest -->
