<?xml version="1.0" encoding="UTF-8"?>
<!-- Generated by org.testng.reporters.JUnitReportReporter -->
<testsuite hostname="DESKTOP-NVK67B2" failures="0" tests="6" name="com.ExchangeAdmin.MyReportsTest.MyReportTest" time="72.819" errors="0" timestamp="2023-12-28T15:31:57 IST" skipped="0">
  <testcase classname="com.ExchangeAdmin.MyReportsTest.MyReportTest" name="login" time="9.493">
    <system-out>
      <![CDATA[Email is entered
Password is Entered
Clicked on Continue Button]]>
    </system-out>
  </testcase> <!-- login -->
  <testcase classname="com.ExchangeAdmin.MyReportsTest.MyReportTest" name="MyReport" time="8.196"/>
  <testcase classname="com.ExchangeAdmin.MyReportsTest.MyReportTest" name="SearchbyValidUserId" time="11.417"/>
  <testcase classname="com.ExchangeAdmin.MyReportsTest.MyReportTest" name="SearchbyValidEventId" time="9.398"/>
  <testcase classname="com.ExchangeAdmin.MyReportsTest.MyReportTest" name="SearchbyFeedType" time="24.864"/>
  <testcase classname="com.ExchangeAdmin.MyReportsTest.MyReportTest" name="SearchbyDate" time="9.451"/>
  <system-out>
    <![CDATA[<font color='green'>Browser got launched</font>
<font color='green'>Navigated to Application UR</font>
Email is entered
Password is Entered
Clicked on Continue Button
<font color='green'>Browser got closed</font>]]>
  </system-out>
</testsuite> <!-- com.ExchangeAdmin.MyReportsTest.MyReportTest -->
