<?xml version="1.0" encoding="UTF-8"?>
<!-- Generated by org.testng.reporters.JUnitReportReporter -->
<testsuite hostname="DESKTOP-NVK67B2" failures="0" tests="4" name="com.ExchangeAdmin.BetlistliveTest.BetlistliveTest" time="30.262" errors="0" timestamp="2023-12-21T16:21:45 IST" skipped="0">
  <testcase classname="com.ExchangeAdmin.BetlistliveTest.BetlistliveTest" name="login" time="9.580">
    <system-out>
      <![CDATA[Email is entered
Password is Entered
Clicked on Continue Button]]>
    </system-out>
  </testcase> <!-- login -->
  <testcase classname="com.ExchangeAdmin.BetlistliveTest.BetlistliveTest" name="MyAccount" time="8.261"/>
  <testcase classname="com.ExchangeAdmin.BetlistliveTest.BetlistliveTest" name="ColumnChooser" time="6.128"/>
  <testcase classname="com.ExchangeAdmin.BetlistliveTest.BetlistliveTest" name="ColumnChooserlist" time="6.293"/>
  <system-out>
    <![CDATA[<font color='green'>Browser got launched</font>
<font color='green'>Navigated to Application UR</font>
Email is entered
Password is Entered
Clicked on Continue Button
<font color='green'>Browser got closed</font>]]>
  </system-out>
</testsuite> <!-- com.ExchangeAdmin.BetlistliveTest.BetlistliveTest -->
