<?xml version="1.0" encoding="UTF-8"?>
<!-- Generated by org.testng.reporters.JUnitReportReporter -->
<testsuite hostname="DESKTOP-NVK67B2" failures="0" tests="2" name="com.ExchangeAdmin.DownlineListTest.DownlineTest" time="17.401" errors="0" timestamp="2023-12-13T15:25:31 IST" skipped="0">
  <testcase classname="com.ExchangeAdmin.DownlineListTest.DownlineTest" name="login" time="9.712">
    <system-out>
      <![CDATA[Email is entered
Password is Entered
Clicked on Continue Button]]>
    </system-out>
  </testcase> <!-- login -->
  <testcase classname="com.ExchangeAdmin.DownlineListTest.DownlineTest" name="DownlineList" time="7.689"/>
  <system-out>
    <![CDATA[<font color='green'>Browser got launched</font>
<font color='green'>Navigated to Application UR</font>
Email is entered
Password is Entered
Clicked on Continue Button
<font color='green'>Browser got closed</font>]]>
  </system-out>
</testsuite> <!-- com.ExchangeAdmin.DownlineListTest.DownlineTest -->
