<?xml version="1.0" encoding="UTF-8"?>
<!-- Generated by org.testng.reporters.JUnitReportReporter -->
<testsuite hostname="DESKTOP-NVK67B2" failures="0" tests="6" name="com.ExchangeAdmin.LoginTest.LoginTest" time="170.720" errors="0" timestamp="2023-12-21T16:25:20 IST" skipped="0">
  <testcase classname="com.ExchangeAdmin.LoginTest.LoginTest" name="login" time="21.488">
    <system-out>
      <![CDATA[<font color='dark green'>User got successfully logged in using Email / Username: superdmin@gmail.com and Password: 123456</font>]]>
    </system-out>
  </testcase> <!-- login -->
  <testcase classname="com.ExchangeAdmin.LoginTest.LoginTest" name="login" time="29.481">
    <system-out>
      <![CDATA[<font color='dark green'>User got failed to log in using Email / Username: superadmin@gmail.com and Password: 123456</font>]]>
    </system-out>
  </testcase> <!-- login -->
  <testcase classname="com.ExchangeAdmin.LoginTest.LoginTest" name="login" time="31.106">
    <system-out>
      <![CDATA[<font color='dark green'>User got failed to log in using Email / Username:   and Password: </font>]]>
    </system-out>
  </testcase> <!-- login -->
  <testcase classname="com.ExchangeAdmin.LoginTest.LoginTest" name="login" time="29.337">
    <system-out>
      <![CDATA[<font color='dark green'>User got failed to log in using Email / Username: superdmin@gmail.com and Password: </font>]]>
    </system-out>
  </testcase> <!-- login -->
  <testcase classname="com.ExchangeAdmin.LoginTest.LoginTest" name="login" time="29.339">
    <system-out>
      <![CDATA[<font color='dark green'>User got failed to log in using Email / Username:   and Password: 12346</font>]]>
    </system-out>
  </testcase> <!-- login -->
  <testcase classname="com.ExchangeAdmin.LoginTest.LoginTest" name="login" time="29.969">
    <system-out>
      <![CDATA[<font color='dark green'>User got failed to log in using Email / Username: superdmin@gmail.com and Password: 11</font>]]>
    </system-out>
  </testcase> <!-- login -->
  <system-out>
    <![CDATA[<font color='green'>Browser got launched</font>
<font color='green'>Navigated to Application UR</font>
<font color='dark green'>User got successfully logged in using Email / Username: superdmin@gmail.com and Password: 123456</font>
<font color='green'>Browser got closed</font>
<font color='green'>Browser got launched</font>
<font color='green'>Navigated to Application UR</font>
<font color='dark green'>User got failed to log in using Email / Username: superdmin@gmail.com and Password: 11</font>
<font color='green'>Browser got closed</font>
<font color='green'>Browser got launched</font>
<font color='green'>Navigated to Application UR</font>
<font color='dark green'>User got failed to log in using Email / Username: superadmin@gmail.com and Password: 123456</font>
<font color='green'>Browser got closed</font>
<font color='green'>Browser got launched</font>
<font color='green'>Navigated to Application UR</font>
<font color='dark green'>User got failed to log in using Email / Username: superdmin@gmail.com and Password: </font>
<font color='green'>Browser got closed</font>
<font color='green'>Browser got launched</font>
<font color='green'>Navigated to Application UR</font>
<font color='dark green'>User got failed to log in using Email / Username:   and Password: 12346</font>
<font color='green'>Browser got closed</font>
<font color='green'>Browser got launched</font>
<font color='green'>Navigated to Application UR</font>
<font color='dark green'>User got failed to log in using Email / Username:   and Password: </font>
<font color='green'>Browser got closed</font>]]>
  </system-out>
</testsuite> <!-- com.ExchangeAdmin.LoginTest.LoginTest -->
