<?xml version="1.0" encoding="UTF-8"?>
<!-- Generated by org.testng.reporters.JUnitReportReporter -->
<testsuite hostname="DESKTOP-NVK67B2" failures="0" tests="6" name="com.ExchangeAdmin.MyAccountPageTest.MyAccountPageTest" time="33.264" errors="0" timestamp="2023-12-05T16:49:22 IST" skipped="0">
  <testcase classname="com.ExchangeAdmin.MyAccountPageTest.MyAccountPageTest" name="login" time="9.560">
    <system-out>
      <![CDATA[Email is entered
Password is Entererd
Clicked on Continue Button]]>
    </system-out>
  </testcase> <!-- login -->
  <testcase classname="com.ExchangeAdmin.MyAccountPageTest.MyAccountPageTest" name="MyAccount" time="8.211"/>
  <testcase classname="com.ExchangeAdmin.MyAccountPageTest.MyAccountPageTest" name="Payment_History" time="5.123"/>
  <testcase classname="com.ExchangeAdmin.MyAccountPageTest.MyAccountPageTest" name="Ledger_History" time="5.142"/>
  <testcase classname="com.ExchangeAdmin.MyAccountPageTest.MyAccountPageTest" name="Profile" time="0.115"/>
  <testcase classname="com.ExchangeAdmin.MyAccountPageTest.MyAccountPageTest" name="Activity_log" time="5.113"/>
  <system-out>
    <![CDATA[<font color='green'>Browser got launched</font>
<font color='green'>Navigated to Application UR</font>
Email is entered
Password is Entererd
Clicked on Continue Button
<font color='green'>Browser got closed</font>]]>
  </system-out>
</testsuite> <!-- com.ExchangeAdmin.MyAccountPageTest.MyAccountPageTest -->
