<?xml version="1.0" encoding="UTF-8"?>
<!-- Generated by org.testng.reporters.JUnitReportReporter -->
<testsuite hostname="DESKTOP-NVK67B2" failures="0" tests="2" name="com.ExchangeAdmin.BetlistTest.BestListTest" time="17.788" errors="0" timestamp="2023-12-20T19:00:50 IST" skipped="0">
  <testcase classname="com.ExchangeAdmin.BetlistTest.BestListTest" name="login" time="9.628">
    <system-out>
      <![CDATA[Email is entered
Password is Entered
Clicked on Continue Button]]>
    </system-out>
  </testcase> <!-- login -->
  <testcase classname="com.ExchangeAdmin.BetlistTest.BestListTest" name="MyAccount" time="8.160"/>
  <system-out>
    <![CDATA[<font color='green'>Browser got launched</font>
<font color='green'>Navigated to Application UR</font>
Email is entered
Password is Entered
Clicked on Continue Button
<font color='green'>Browser got closed</font>]]>
  </system-out>
</testsuite> <!-- com.ExchangeAdmin.BetlistTest.BestListTest -->
