<?xml version="1.0" encoding="UTF-8"?>
<!-- Generated by org.testng.reporters.JUnitReportReporter -->
<testsuite hostname="DESKTOP-NVK67B2" failures="0" tests="1" name="Tests.LoginTest" time="15.088" errors="0" timestamp="2023-11-29T13:55:58 IST" skipped="0">
  <testcase classname="Tests.LoginTest" name="login" time="15.088"/>
</testsuite> <!-- Tests.LoginTest -->
