<?xml version="1.0" encoding="UTF-8"?>
<!-- Generated by org.testng.reporters.JUnitReportReporter -->
<testsuite hostname="DESKTOP-NVK67B2" failures="0" tests="2" name="com.ExchangeAdmin.AdminsettingTest.AdminSettingTest" time="14.994" errors="0" timestamp="2023-12-06T16:40:07 IST" skipped="0">
  <testcase classname="com.ExchangeAdmin.AdminsettingTest.AdminSettingTest" name="login" time="9.831">
    <system-out>
      <![CDATA[Email is entered
Password is Entererd
Clicked on Continue Button]]>
    </system-out>
  </testcase> <!-- login -->
  <testcase classname="com.ExchangeAdmin.AdminsettingTest.AdminSettingTest" name="AdminSetting" time="5.163"/>
  <system-out>
    <![CDATA[<font color='green'>Browser got launched</font>
<font color='green'>Navigated to Application UR</font>
Email is entered
Password is Entererd
Clicked on Continue Button
<font color='green'>Browser got closed</font>]]>
  </system-out>
</testsuite> <!-- com.ExchangeAdmin.AdminsettingTest.AdminSettingTest -->
